<?xml version="1.0" encoding="UTF-8" ?>
<testsuite tests="6" failures="0" name="com.gei.autocompletion.ManagedSetTest" time="0.131" errors="0" skipped="0">
  <properties>
[...]
</properties>
  <testcase classname="[0] a\u002Ca (testGetCompletionItems)(com.gei.autocompletion.ManagedSetTest)" name="[0] a\u002Ca " time="0.063"/>
  <testcase classname="[1] a.\u002Ca.1;a.2;a.3 (testGetCompletionItems)(com.gei.autocompletion.ManagedSetTest)" name="[1] a.\u002Ca.1;a.2;a.3 " time="0"/>
  <testcase classname="[2] b\u002Cb (testGetCompletionItems)(com.gei.autocompletion.ManagedSetTest)" name="[2] b\u002Cb " time="0"/>
  <testcase classname="[3] b.\u002Cb.1;b.2 (testGetCompletionItems)(com.gei.autocompletion.ManagedSetTest)" name="[3] b.\u002Cb.1;b.2 " time="0"/>
  <testcase classname="[4] a.1\u002Ca.1 (testGetCompletionItems)(com.gei.autocompletion.ManagedSetTest)" name="[4] a.1\u002Ca.1 " time="0"/>
  <testcase classname="[5] a.1.\u002Ca.1.1;a.1.2 (testGetCompletionItems)(com.gei.autocompletion.ManagedSetTest)" name="[5] a.1.\u002Ca.1.1;a.1.2 " time="0"/>
</testsuite>